<html>
<head>
<title>TestNG:  SuiteTestingFormValidDataTest :- Validate the Positive Scenarios for Testing Form</title>
<link href="../testng.css" rel="stylesheet" type="text/css" />
<link href="../my-testng.css" rel="stylesheet" type="text/css" />

<style type="text/css">
.log { display: none;} 
.stack-trace { display: none;} 
</style>
<script type="text/javascript">
<!--
function flip(e) {
  current = e.style.display;
  if (current == 'block') {
    e.style.display = 'none';
    return 0;
  }
  else {
    e.style.display = 'block';
    return 1;
  }
}

function toggleBox(szDivId, elem, msg1, msg2)
{
  var res = -1;  if (document.getElementById) {
    res = flip(document.getElementById(szDivId));
  }
  else if (document.all) {
    // this is the way old msie versions work
    res = flip(document.all[szDivId]);
  }
  if(elem) {
    if(res == 0) elem.innerHTML = msg1; else elem.innerHTML = msg2;
  }

}

function toggleAllBoxes() {
  if (document.getElementsByTagName) {
    d = document.getElementsByTagName('div');
    for (i = 0; i < d.length; i++) {
      if (d[i].className == 'log') {
        flip(d[i]);
      }
    }
  }
}

// -->
</script>

</head>
<body>
<h2 align='center'>SuiteTestingFormValidDataTest :- Validate the Positive Scenarios for Testing Form</h2><table border='1' align="center">
<tr>
<td>Tests passed/Failed/Skipped:</td><td>0/0/3</td>
</tr><tr>
<td>Started on:</td><td>Sun Aug 12 20:55:37 IST 2018</td>
</tr>
<tr><td>Total time:</td><td>0 seconds (7 ms)</td>
</tr><tr>
<td>Included groups:</td><td></td>
</tr><tr>
<td>Excluded groups:</td><td></td>
</tr>
</table><p/>
<small><i>(Hover the method name to see the test class name)</i></small><p/>
<table width='100%' border='1' class='invocation-skipped'>
<tr><td colspan='4' align='center'><b>SKIPPED CONFIGURATIONS</b></td></tr>
<tr><td><b>Test method</b></td>
<td width="30%"><b>Exception</b></td>
<td width="10%"><b>Time (seconds)</b></td>
<td><b>Instance</b></td>
</tr>
<tr>
<td title='com.tractiondigital.SuiteTestingForm.SuiteTestingFormValidDataTest.checkCaseToRun()'><b>checkCaseToRun</b><br>Test class: com.tractiondigital.SuiteTestingForm.SuiteTestingFormValidDataTest</td>
<td><div><pre>org.testng.SkipException: SuiteTestingFormValidDataTest&apos;s CaseToRun Flag Is &apos;N&apos; Or Blank. So Skipping Execution Of SuiteTestingFormValidDataTest
	at com.company1.TestSuiteBase.SuiteBase.startTest(SuiteBase.java:1870)
	at com.tractiondigital.SuiteTestingForm.SuiteTestingFormValidDataTest.checkCaseToRun(SuiteTestingFormValidDataTest.java:25)
... Removed 28 stack frames</pre></div><a href='#' onClick='toggleBox("stack-trace342198178", this, "Click to show all stack frames", "Click to hide stack frames")'>Click to show all stack frames</a>
<div class='stack-trace' id='stack-trace342198178'><pre>org.testng.SkipException: SuiteTestingFormValidDataTest&apos;s CaseToRun Flag Is &apos;N&apos; Or Blank. So Skipping Execution Of SuiteTestingFormValidDataTest
	at com.company1.TestSuiteBase.SuiteBase.startTest(SuiteBase.java:1870)
	at com.tractiondigital.SuiteTestingForm.SuiteTestingFormValidDataTest.checkCaseToRun(SuiteTestingFormValidDataTest.java:25)
	at sun.reflect.NativeMethodAccessorImpl.invoke0(Native Method)
	at sun.reflect.NativeMethodAccessorImpl.invoke(Unknown Source)
	at sun.reflect.DelegatingMethodAccessorImpl.invoke(Unknown Source)
	at java.lang.reflect.Method.invoke(Unknown Source)
	at org.testng.internal.MethodInvocationHelper.invokeMethod(MethodInvocationHelper.java:124)
	at org.testng.internal.MethodInvocationHelper.invokeMethodConsideringTimeout(MethodInvocationHelper.java:59)
	at org.testng.internal.Invoker.invokeConfigurationMethod(Invoker.java:455)
	at org.testng.internal.Invoker.invokeConfigurations(Invoker.java:222)
	at org.testng.internal.Invoker.invokeConfigurations(Invoker.java:142)
	at org.testng.TestRunner.beforeRun(TestRunner.java:529)
	at org.testng.TestRunner.run(TestRunner.java:497)
	at org.testng.SuiteRunner.runTest(SuiteRunner.java:455)
	at org.testng.SuiteRunner.runSequentially(SuiteRunner.java:450)
	at org.testng.SuiteRunner.privateRun(SuiteRunner.java:415)
	at org.testng.SuiteRunner.run(SuiteRunner.java:364)
	at org.testng.SuiteRunnerWorker.runSuite(SuiteRunnerWorker.java:52)
	at org.testng.SuiteRunnerWorker.run(SuiteRunnerWorker.java:84)
	at org.testng.TestNG.runSuitesSequentially(TestNG.java:1208)
	at org.testng.TestNG.runSuitesSequentially(TestNG.java:1204)
	at org.testng.TestNG.runSuitesLocally(TestNG.java:1137)
	at org.testng.TestNG.runSuites(TestNG.java:1049)
	at org.testng.TestNG.run(TestNG.java:1017)
	at org.apache.maven.surefire.testng.TestNGExecutor.run(TestNGExecutor.java:295)
	at org.apache.maven.surefire.testng.TestNGXmlTestSuite.execute(TestNGXmlTestSuite.java:84)
	at org.apache.maven.surefire.testng.TestNGProvider.invoke(TestNGProvider.java:90)
	at org.apache.maven.surefire.booter.ForkedBooter.invokeProviderInSameClassLoader(ForkedBooter.java:203)
	at org.apache.maven.surefire.booter.ForkedBooter.runSuitesInProcess(ForkedBooter.java:155)
	at org.apache.maven.surefire.booter.ForkedBooter.main(ForkedBooter.java:103)
</pre></div></td>
<td>0</td>
<td>com.tractiondigital.SuiteTestingForm.SuiteTestingFormValidDataTest@5d624da6</td></tr>
<tr>
<td title='com.tractiondigital.SuiteTestingForm.SuiteTestingFormValidDataTest.reporterDataResults()'><b>reporterDataResults</b><br>Test class: com.tractiondigital.SuiteTestingForm.SuiteTestingFormValidDataTest</td>
<td></td>
<td>0</td>
<td>com.tractiondigital.SuiteTestingForm.SuiteTestingFormValidDataTest@5d624da6</td></tr>
<tr>
<td title='com.tractiondigital.SuiteTestingForm.SuiteTestingFormValidDataTest.reporterDataResults()'><b>reporterDataResults</b><br>Test class: com.tractiondigital.SuiteTestingForm.SuiteTestingFormValidDataTest</td>
<td></td>
<td>0</td>
<td>com.tractiondigital.SuiteTestingForm.SuiteTestingFormValidDataTest@5d624da6</td></tr>
<tr>
<td title='com.tractiondigital.SuiteTestingForm.SuiteTestingFormValidDataTest.reporterDataResults()'><b>reporterDataResults</b><br>Test class: com.tractiondigital.SuiteTestingForm.SuiteTestingFormValidDataTest</td>
<td></td>
<td>0</td>
<td>com.tractiondigital.SuiteTestingForm.SuiteTestingFormValidDataTest@5d624da6</td></tr>
<tr>
<td title='com.tractiondigital.SuiteTestingForm.SuiteTestingFormValidDataTest.endTest()'><b>endTest</b><br>Test class: com.tractiondigital.SuiteTestingForm.SuiteTestingFormValidDataTest</td>
<td></td>
<td>0</td>
<td>com.tractiondigital.SuiteTestingForm.SuiteTestingFormValidDataTest@5d624da6</td></tr>
</table><p>
<table width='100%' border='1' class='invocation-skipped'>
<tr><td colspan='4' align='center'><b>SKIPPED TESTS</b></td></tr>
<tr><td><b>Test method</b></td>
<td width="30%"><b>Exception</b></td>
<td width="10%"><b>Time (seconds)</b></td>
<td><b>Instance</b></td>
</tr>
<tr>
<td title='com.tractiondigital.SuiteTestingForm.SuiteTestingFormValidDataTest.SuiteTestingFormValidDataTestPOM()'><b>SuiteTestingFormValidDataTestPOM</b><br>Test class: com.tractiondigital.SuiteTestingForm.SuiteTestingFormValidDataTest<br>Test method: This Class is used to Verify SuiteTestingForm InValid Data</td>
<td><div><pre>org.testng.SkipException: SuiteTestingFormValidDataTest&apos;s CaseToRun Flag Is &apos;N&apos; Or Blank. So Skipping Execution Of SuiteTestingFormValidDataTest
	at com.company1.TestSuiteBase.SuiteBase.startTest(SuiteBase.java:1870)
	at com.tractiondigital.SuiteTestingForm.SuiteTestingFormValidDataTest.checkCaseToRun(SuiteTestingFormValidDataTest.java:25)
... Removed 28 stack frames</pre></div><a href='#' onClick='toggleBox("stack-trace713656449", this, "Click to show all stack frames", "Click to hide stack frames")'>Click to show all stack frames</a>
<div class='stack-trace' id='stack-trace713656449'><pre>org.testng.SkipException: SuiteTestingFormValidDataTest&apos;s CaseToRun Flag Is &apos;N&apos; Or Blank. So Skipping Execution Of SuiteTestingFormValidDataTest
	at com.company1.TestSuiteBase.SuiteBase.startTest(SuiteBase.java:1870)
	at com.tractiondigital.SuiteTestingForm.SuiteTestingFormValidDataTest.checkCaseToRun(SuiteTestingFormValidDataTest.java:25)
	at sun.reflect.NativeMethodAccessorImpl.invoke0(Native Method)
	at sun.reflect.NativeMethodAccessorImpl.invoke(Unknown Source)
	at sun.reflect.DelegatingMethodAccessorImpl.invoke(Unknown Source)
	at java.lang.reflect.Method.invoke(Unknown Source)
	at org.testng.internal.MethodInvocationHelper.invokeMethod(MethodInvocationHelper.java:124)
	at org.testng.internal.MethodInvocationHelper.invokeMethodConsideringTimeout(MethodInvocationHelper.java:59)
	at org.testng.internal.Invoker.invokeConfigurationMethod(Invoker.java:455)
	at org.testng.internal.Invoker.invokeConfigurations(Invoker.java:222)
	at org.testng.internal.Invoker.invokeConfigurations(Invoker.java:142)
	at org.testng.TestRunner.beforeRun(TestRunner.java:529)
	at org.testng.TestRunner.run(TestRunner.java:497)
	at org.testng.SuiteRunner.runTest(SuiteRunner.java:455)
	at org.testng.SuiteRunner.runSequentially(SuiteRunner.java:450)
	at org.testng.SuiteRunner.privateRun(SuiteRunner.java:415)
	at org.testng.SuiteRunner.run(SuiteRunner.java:364)
	at org.testng.SuiteRunnerWorker.runSuite(SuiteRunnerWorker.java:52)
	at org.testng.SuiteRunnerWorker.run(SuiteRunnerWorker.java:84)
	at org.testng.TestNG.runSuitesSequentially(TestNG.java:1208)
	at org.testng.TestNG.runSuitesSequentially(TestNG.java:1204)
	at org.testng.TestNG.runSuitesLocally(TestNG.java:1137)
	at org.testng.TestNG.runSuites(TestNG.java:1049)
	at org.testng.TestNG.run(TestNG.java:1017)
	at org.apache.maven.surefire.testng.TestNGExecutor.run(TestNGExecutor.java:295)
	at org.apache.maven.surefire.testng.TestNGXmlTestSuite.execute(TestNGXmlTestSuite.java:84)
	at org.apache.maven.surefire.testng.TestNGProvider.invoke(TestNGProvider.java:90)
	at org.apache.maven.surefire.booter.ForkedBooter.invokeProviderInSameClassLoader(ForkedBooter.java:203)
	at org.apache.maven.surefire.booter.ForkedBooter.runSuitesInProcess(ForkedBooter.java:155)
	at org.apache.maven.surefire.booter.ForkedBooter.main(ForkedBooter.java:103)
</pre></div></td>
<td>0</td>
<td>com.tractiondigital.SuiteTestingForm.SuiteTestingFormValidDataTest@5d624da6</td></tr>
<tr>
<td title='com.tractiondigital.SuiteTestingForm.SuiteTestingFormValidDataTest.SuiteTestingFormValidDataTestPOM()'><b>SuiteTestingFormValidDataTestPOM</b><br>Test class: com.tractiondigital.SuiteTestingForm.SuiteTestingFormValidDataTest<br>Test method: This Class is used to Verify SuiteTestingForm InValid Data</td>
<td><div><pre>org.testng.SkipException: SuiteTestingFormValidDataTest&apos;s CaseToRun Flag Is &apos;N&apos; Or Blank. So Skipping Execution Of SuiteTestingFormValidDataTest
	at com.company1.TestSuiteBase.SuiteBase.startTest(SuiteBase.java:1870)
	at com.tractiondigital.SuiteTestingForm.SuiteTestingFormValidDataTest.checkCaseToRun(SuiteTestingFormValidDataTest.java:25)
... Removed 28 stack frames</pre></div><a href='#' onClick='toggleBox("stack-trace891461509", this, "Click to show all stack frames", "Click to hide stack frames")'>Click to show all stack frames</a>
<div class='stack-trace' id='stack-trace891461509'><pre>org.testng.SkipException: SuiteTestingFormValidDataTest&apos;s CaseToRun Flag Is &apos;N&apos; Or Blank. So Skipping Execution Of SuiteTestingFormValidDataTest
	at com.company1.TestSuiteBase.SuiteBase.startTest(SuiteBase.java:1870)
	at com.tractiondigital.SuiteTestingForm.SuiteTestingFormValidDataTest.checkCaseToRun(SuiteTestingFormValidDataTest.java:25)
	at sun.reflect.NativeMethodAccessorImpl.invoke0(Native Method)
	at sun.reflect.NativeMethodAccessorImpl.invoke(Unknown Source)
	at sun.reflect.DelegatingMethodAccessorImpl.invoke(Unknown Source)
	at java.lang.reflect.Method.invoke(Unknown Source)
	at org.testng.internal.MethodInvocationHelper.invokeMethod(MethodInvocationHelper.java:124)
	at org.testng.internal.MethodInvocationHelper.invokeMethodConsideringTimeout(MethodInvocationHelper.java:59)
	at org.testng.internal.Invoker.invokeConfigurationMethod(Invoker.java:455)
	at org.testng.internal.Invoker.invokeConfigurations(Invoker.java:222)
	at org.testng.internal.Invoker.invokeConfigurations(Invoker.java:142)
	at org.testng.TestRunner.beforeRun(TestRunner.java:529)
	at org.testng.TestRunner.run(TestRunner.java:497)
	at org.testng.SuiteRunner.runTest(SuiteRunner.java:455)
	at org.testng.SuiteRunner.runSequentially(SuiteRunner.java:450)
	at org.testng.SuiteRunner.privateRun(SuiteRunner.java:415)
	at org.testng.SuiteRunner.run(SuiteRunner.java:364)
	at org.testng.SuiteRunnerWorker.runSuite(SuiteRunnerWorker.java:52)
	at org.testng.SuiteRunnerWorker.run(SuiteRunnerWorker.java:84)
	at org.testng.TestNG.runSuitesSequentially(TestNG.java:1208)
	at org.testng.TestNG.runSuitesSequentially(TestNG.java:1204)
	at org.testng.TestNG.runSuitesLocally(TestNG.java:1137)
	at org.testng.TestNG.runSuites(TestNG.java:1049)
	at org.testng.TestNG.run(TestNG.java:1017)
	at org.apache.maven.surefire.testng.TestNGExecutor.run(TestNGExecutor.java:295)
	at org.apache.maven.surefire.testng.TestNGXmlTestSuite.execute(TestNGXmlTestSuite.java:84)
	at org.apache.maven.surefire.testng.TestNGProvider.invoke(TestNGProvider.java:90)
	at org.apache.maven.surefire.booter.ForkedBooter.invokeProviderInSameClassLoader(ForkedBooter.java:203)
	at org.apache.maven.surefire.booter.ForkedBooter.runSuitesInProcess(ForkedBooter.java:155)
	at org.apache.maven.surefire.booter.ForkedBooter.main(ForkedBooter.java:103)
</pre></div></td>
<td>0</td>
<td>com.tractiondigital.SuiteTestingForm.SuiteTestingFormValidDataTest@5d624da6</td></tr>
<tr>
<td title='com.tractiondigital.SuiteTestingForm.SuiteTestingFormValidDataTest.SuiteTestingFormValidDataTestPOM()'><b>SuiteTestingFormValidDataTestPOM</b><br>Test class: com.tractiondigital.SuiteTestingForm.SuiteTestingFormValidDataTest<br>Test method: This Class is used to Verify SuiteTestingForm InValid Data</td>
<td><div><pre>org.testng.SkipException: SuiteTestingFormValidDataTest&apos;s CaseToRun Flag Is &apos;N&apos; Or Blank. So Skipping Execution Of SuiteTestingFormValidDataTest
	at com.company1.TestSuiteBase.SuiteBase.startTest(SuiteBase.java:1870)
	at com.tractiondigital.SuiteTestingForm.SuiteTestingFormValidDataTest.checkCaseToRun(SuiteTestingFormValidDataTest.java:25)
... Removed 28 stack frames</pre></div><a href='#' onClick='toggleBox("stack-trace186061555", this, "Click to show all stack frames", "Click to hide stack frames")'>Click to show all stack frames</a>
<div class='stack-trace' id='stack-trace186061555'><pre>org.testng.SkipException: SuiteTestingFormValidDataTest&apos;s CaseToRun Flag Is &apos;N&apos; Or Blank. So Skipping Execution Of SuiteTestingFormValidDataTest
	at com.company1.TestSuiteBase.SuiteBase.startTest(SuiteBase.java:1870)
	at com.tractiondigital.SuiteTestingForm.SuiteTestingFormValidDataTest.checkCaseToRun(SuiteTestingFormValidDataTest.java:25)
	at sun.reflect.NativeMethodAccessorImpl.invoke0(Native Method)
	at sun.reflect.NativeMethodAccessorImpl.invoke(Unknown Source)
	at sun.reflect.DelegatingMethodAccessorImpl.invoke(Unknown Source)
	at java.lang.reflect.Method.invoke(Unknown Source)
	at org.testng.internal.MethodInvocationHelper.invokeMethod(MethodInvocationHelper.java:124)
	at org.testng.internal.MethodInvocationHelper.invokeMethodConsideringTimeout(MethodInvocationHelper.java:59)
	at org.testng.internal.Invoker.invokeConfigurationMethod(Invoker.java:455)
	at org.testng.internal.Invoker.invokeConfigurations(Invoker.java:222)
	at org.testng.internal.Invoker.invokeConfigurations(Invoker.java:142)
	at org.testng.TestRunner.beforeRun(TestRunner.java:529)
	at org.testng.TestRunner.run(TestRunner.java:497)
	at org.testng.SuiteRunner.runTest(SuiteRunner.java:455)
	at org.testng.SuiteRunner.runSequentially(SuiteRunner.java:450)
	at org.testng.SuiteRunner.privateRun(SuiteRunner.java:415)
	at org.testng.SuiteRunner.run(SuiteRunner.java:364)
	at org.testng.SuiteRunnerWorker.runSuite(SuiteRunnerWorker.java:52)
	at org.testng.SuiteRunnerWorker.run(SuiteRunnerWorker.java:84)
	at org.testng.TestNG.runSuitesSequentially(TestNG.java:1208)
	at org.testng.TestNG.runSuitesSequentially(TestNG.java:1204)
	at org.testng.TestNG.runSuitesLocally(TestNG.java:1137)
	at org.testng.TestNG.runSuites(TestNG.java:1049)
	at org.testng.TestNG.run(TestNG.java:1017)
	at org.apache.maven.surefire.testng.TestNGExecutor.run(TestNGExecutor.java:295)
	at org.apache.maven.surefire.testng.TestNGXmlTestSuite.execute(TestNGXmlTestSuite.java:84)
	at org.apache.maven.surefire.testng.TestNGProvider.invoke(TestNGProvider.java:90)
	at org.apache.maven.surefire.booter.ForkedBooter.invokeProviderInSameClassLoader(ForkedBooter.java:203)
	at org.apache.maven.surefire.booter.ForkedBooter.runSuitesInProcess(ForkedBooter.java:155)
	at org.apache.maven.surefire.booter.ForkedBooter.main(ForkedBooter.java:103)
</pre></div></td>
<td>0</td>
<td>com.tractiondigital.SuiteTestingForm.SuiteTestingFormValidDataTest@5d624da6</td></tr>
</table><p>
</body>
</html>