<?xml version="1.0" encoding="UTF-8"?>
<testng-results skipped="10" failed="0" ignored="0" total="12" passed="2">
  <reporter-output>
  </reporter-output>
  <suite name="SuiteTestingForm" duration-ms="37450" started-at="2018-08-12T15:24:59Z" finished-at="2018-08-12T15:25:37Z">
    <groups>
    </groups>
    <test name="SuiteTestingFormInValidDataTest :- Validate the Negative Scenarios for Testing Form" duration-ms="37386" started-at="2018-08-12T15:24:59Z" finished-at="2018-08-12T15:25:36Z">
      <class name="com.tractiondigital.SuiteTestingForm.SuiteTestingFormInValidDataTest">
        <test-method status="PASS" signature="checkCaseToRun()[pri:0, instance:com.tractiondigital.SuiteTestingForm.SuiteTestingFormInValidDataTest@566776ad]" name="checkCaseToRun" is-config="true" duration-ms="27387" started-at="2018-08-12T15:24:59Z" finished-at="2018-08-12T15:25:26Z">
          <reporter-output>
          </reporter-output>
        </test-method> <!-- checkCaseToRun -->
        <test-method status="PASS" signature="SuiteTestingFormInValidDataTestPOM(java.lang.String, java.lang.String, java.lang.String, java.lang.String, java.lang.String, java.lang.String, java.lang.String, java.lang.String, java.lang.String, java.lang.String, java.lang.String)[pri:0, instance:com.tractiondigital.SuiteTestingForm.SuiteTestingFormInValidDataTest@566776ad]" name="SuiteTestingFormInValidDataTestPOM" duration-ms="1919" started-at="2018-08-12T15:25:26Z" description="This Class is used to Verify SuiteTestingForm InValid Data" data-provider="TestDataToRun_Test" finished-at="2018-08-12T15:25:28Z">
          <params>
            <param index="0">
              <value>
                <![CDATA[]]>
              </value>
            </param>
            <param index="1">
              <value>
                <![CDATA[Senthivelu]]>
              </value>
            </param>
            <param index="2">
              <value>
                <![CDATA[ssenthiv@gmail.com]]>
              </value>
            </param>
            <param index="3">
              <value>
                <![CDATA[9890064244]]>
              </value>
            </param>
            <param index="4">
              <value>
                <![CDATA[A703 SkyLark]]>
              </value>
            </param>
            <param index="5">
              <value>
                <![CDATA[Bangalore]]>
              </value>
            </param>
            <param index="6">
              <value>
                <![CDATA[ACT]]>
              </value>
            </param>
            <param index="7">
              <value>
                <![CDATA[5667]]>
              </value>
            </param>
            <param index="8">
              <value>
                <![CDATA[26/02/1977]]>
              </value>
            </param>
            <param index="9">
              <value>
                <![CDATA[Y]]>
              </value>
            </param>
            <param index="10">
              <value>
                <![CDATA[Y]]>
              </value>
            </param>
          </params>
          <reporter-output>
          </reporter-output>
        </test-method> <!-- SuiteTestingFormInValidDataTestPOM -->
        <test-method status="PASS" signature="reporterDataResults()[pri:0, instance:com.tractiondigital.SuiteTestingForm.SuiteTestingFormInValidDataTest@566776ad]" name="reporterDataResults" is-config="true" duration-ms="8" started-at="2018-08-12T15:25:29Z" finished-at="2018-08-12T15:25:29Z">
          <reporter-output>
          </reporter-output>
        </test-method> <!-- reporterDataResults -->
        <test-method status="PASS" signature="SuiteTestingFormInValidDataTestPOM(java.lang.String, java.lang.String, java.lang.String, java.lang.String, java.lang.String, java.lang.String, java.lang.String, java.lang.String, java.lang.String, java.lang.String, java.lang.String)[pri:0, instance:com.tractiondigital.SuiteTestingForm.SuiteTestingFormInValidDataTest@566776ad]" name="SuiteTestingFormInValidDataTestPOM" duration-ms="1779" started-at="2018-08-12T15:25:29Z" description="This Class is used to Verify SuiteTestingForm InValid Data" data-provider="TestDataToRun_Test" finished-at="2018-08-12T15:25:31Z">
          <params>
            <param index="0">
              <value>
                <![CDATA[SURESH KUMAR]]>
              </value>
            </param>
            <param index="1">
              <value>
                <![CDATA[]]>
              </value>
            </param>
            <param index="2">
              <value>
                <![CDATA[firstName.Lastname@yahoo.com]]>
              </value>
            </param>
            <param index="3">
              <value>
                <![CDATA[918778787878]]>
              </value>
            </param>
            <param index="4">
              <value>
                <![CDATA[A703 SkyLark]]>
              </value>
            </param>
            <param index="5">
              <value>
                <![CDATA[Chennai]]>
              </value>
            </param>
            <param index="6">
              <value>
                <![CDATA[SA]]>
              </value>
            </param>
            <param index="7">
              <value>
                <![CDATA[6217]]>
              </value>
            </param>
            <param index="8">
              <value>
                <![CDATA[10/07/1985]]>
              </value>
            </param>
            <param index="9">
              <value>
                <![CDATA[Y]]>
              </value>
            </param>
            <param index="10">
              <value>
                <![CDATA[Y]]>
              </value>
            </param>
          </params>
          <reporter-output>
          </reporter-output>
        </test-method> <!-- SuiteTestingFormInValidDataTestPOM -->
        <test-method status="PASS" signature="reporterDataResults()[pri:0, instance:com.tractiondigital.SuiteTestingForm.SuiteTestingFormInValidDataTest@566776ad]" name="reporterDataResults" is-config="true" duration-ms="6" started-at="2018-08-12T15:25:31Z" finished-at="2018-08-12T15:25:31Z">
          <reporter-output>
          </reporter-output>
        </test-method> <!-- reporterDataResults -->
        <test-method status="SKIP" signature="SuiteTestingFormInValidDataTestPOM(java.lang.String, java.lang.String, java.lang.String, java.lang.String, java.lang.String, java.lang.String, java.lang.String, java.lang.String, java.lang.String, java.lang.String, java.lang.String)[pri:0, instance:com.tractiondigital.SuiteTestingForm.SuiteTestingFormInValidDataTest@566776ad]" name="SuiteTestingFormInValidDataTestPOM" duration-ms="1" started-at="2018-08-12T15:25:31Z" description="This Class is used to Verify SuiteTestingForm InValid Data" data-provider="TestDataToRun_Test" finished-at="2018-08-12T15:25:31Z">
          <params>
            <param index="0">
              <value>
                <![CDATA[Krishnan]]>
              </value>
            </param>
            <param index="1">
              <value>
                <![CDATA[8799]]>
              </value>
            </param>
            <param index="2">
              <value>
                <![CDATA[firstName.Lastname@yahoo.com]]>
              </value>
            </param>
            <param index="3">
              <value>
                <![CDATA[918778787878]]>
              </value>
            </param>
            <param index="4">
              <value>
                <![CDATA[A703 SkyLark]]>
              </value>
            </param>
            <param index="5">
              <value>
                <![CDATA[Chennai]]>
              </value>
            </param>
            <param index="6">
              <value>
                <![CDATA[SA]]>
              </value>
            </param>
            <param index="7">
              <value>
                <![CDATA[6217]]>
              </value>
            </param>
            <param index="8">
              <value>
                <![CDATA[10/07/1985]]>
              </value>
            </param>
            <param index="9">
              <value>
                <![CDATA[Y]]>
              </value>
            </param>
            <param index="10">
              <value>
                <![CDATA[Y]]>
              </value>
            </param>
          </params>
          <exception class="org.testng.SkipException">
            <message>
              <![CDATA[DataToRun for row number 2 Is No Or Blank. So Skipping Its Execution.]]>
            </message>
            <full-stacktrace>
              <![CDATA[org.testng.SkipException: DataToRun for row number 2 Is No Or Blank. So Skipping Its Execution.
at com.tractiondigital.SuiteTestingForm.SuiteTestingFormInValidDataTest.SuiteTestingFormInValidDataTestPOM(SuiteTestingFormInValidDataTest.java:44)
at sun.reflect.NativeMethodAccessorImpl.invoke0(Native Method)
at sun.reflect.NativeMethodAccessorImpl.invoke(Unknown Source)
at sun.reflect.DelegatingMethodAccessorImpl.invoke(Unknown Source)
at java.lang.reflect.Method.invoke(Unknown Source)
at org.testng.internal.MethodInvocationHelper.invokeMethod(MethodInvocationHelper.java:124)
at org.testng.internal.Invoker.invokeMethod(Invoker.java:580)
at org.testng.internal.Invoker.invokeTestMethod(Invoker.java:716)
at org.testng.internal.Invoker.invokeTestMethods(Invoker.java:988)
at org.testng.internal.TestMethodWorker.invokeTestMethods(TestMethodWorker.java:125)
at org.testng.internal.TestMethodWorker.run(TestMethodWorker.java:109)
at org.testng.TestRunner.privateRun(TestRunner.java:648)
at org.testng.TestRunner.run(TestRunner.java:505)
at org.testng.SuiteRunner.runTest(SuiteRunner.java:455)
at org.testng.SuiteRunner.runSequentially(SuiteRunner.java:450)
at org.testng.SuiteRunner.privateRun(SuiteRunner.java:415)
at org.testng.SuiteRunner.run(SuiteRunner.java:364)
at org.testng.SuiteRunnerWorker.runSuite(SuiteRunnerWorker.java:52)
at org.testng.SuiteRunnerWorker.run(SuiteRunnerWorker.java:84)
at org.testng.TestNG.runSuitesSequentially(TestNG.java:1208)
at org.testng.TestNG.runSuitesSequentially(TestNG.java:1204)
at org.testng.TestNG.runSuitesLocally(TestNG.java:1137)
at org.testng.TestNG.runSuites(TestNG.java:1049)
at org.testng.TestNG.run(TestNG.java:1017)
at org.apache.maven.surefire.testng.TestNGExecutor.run(TestNGExecutor.java:295)
at org.apache.maven.surefire.testng.TestNGXmlTestSuite.execute(TestNGXmlTestSuite.java:84)
at org.apache.maven.surefire.testng.TestNGProvider.invoke(TestNGProvider.java:90)
at org.apache.maven.surefire.booter.ForkedBooter.invokeProviderInSameClassLoader(ForkedBooter.java:203)
at org.apache.maven.surefire.booter.ForkedBooter.runSuitesInProcess(ForkedBooter.java:155)
at org.apache.maven.surefire.booter.ForkedBooter.main(ForkedBooter.java:103)
]]>
            </full-stacktrace>
          </exception> <!-- org.testng.SkipException -->
          <reporter-output>
          </reporter-output>
        </test-method> <!-- SuiteTestingFormInValidDataTestPOM -->
        <test-method status="PASS" signature="reporterDataResults()[pri:0, instance:com.tractiondigital.SuiteTestingForm.SuiteTestingFormInValidDataTest@566776ad]" name="reporterDataResults" is-config="true" duration-ms="5" started-at="2018-08-12T15:25:31Z" finished-at="2018-08-12T15:25:31Z">
          <reporter-output>
          </reporter-output>
        </test-method> <!-- reporterDataResults -->
        <test-method status="SKIP" signature="SuiteTestingFormInValidDataTestPOM(java.lang.String, java.lang.String, java.lang.String, java.lang.String, java.lang.String, java.lang.String, java.lang.String, java.lang.String, java.lang.String, java.lang.String, java.lang.String)[pri:0, instance:com.tractiondigital.SuiteTestingForm.SuiteTestingFormInValidDataTest@566776ad]" name="SuiteTestingFormInValidDataTestPOM" duration-ms="0" started-at="2018-08-12T15:25:31Z" description="This Class is used to Verify SuiteTestingForm InValid Data" data-provider="TestDataToRun_Test" finished-at="2018-08-12T15:25:31Z">
          <params>
            <param index="0">
              <value>
                <![CDATA[Raju]]>
              </value>
            </param>
            <param index="1">
              <value>
                <![CDATA[Mangal]]>
              </value>
            </param>
            <param index="2">
              <value>
                <![CDATA[Invalid email yahoo.com]]>
              </value>
            </param>
            <param index="3">
              <value>
                <![CDATA[918778787878]]>
              </value>
            </param>
            <param index="4">
              <value>
                <![CDATA[A703 SkyLark]]>
              </value>
            </param>
            <param index="5">
              <value>
                <![CDATA[Chennai]]>
              </value>
            </param>
            <param index="6">
              <value>
                <![CDATA[SA]]>
              </value>
            </param>
            <param index="7">
              <value>
                <![CDATA[6217]]>
              </value>
            </param>
            <param index="8">
              <value>
                <![CDATA[10/07/1985]]>
              </value>
            </param>
            <param index="9">
              <value>
                <![CDATA[Y]]>
              </value>
            </param>
            <param index="10">
              <value>
                <![CDATA[Y]]>
              </value>
            </param>
          </params>
          <exception class="org.testng.SkipException">
            <message>
              <![CDATA[DataToRun for row number 3 Is No Or Blank. So Skipping Its Execution.]]>
            </message>
            <full-stacktrace>
              <![CDATA[org.testng.SkipException: DataToRun for row number 3 Is No Or Blank. So Skipping Its Execution.
at com.tractiondigital.SuiteTestingForm.SuiteTestingFormInValidDataTest.SuiteTestingFormInValidDataTestPOM(SuiteTestingFormInValidDataTest.java:44)
at sun.reflect.NativeMethodAccessorImpl.invoke0(Native Method)
at sun.reflect.NativeMethodAccessorImpl.invoke(Unknown Source)
at sun.reflect.DelegatingMethodAccessorImpl.invoke(Unknown Source)
at java.lang.reflect.Method.invoke(Unknown Source)
at org.testng.internal.MethodInvocationHelper.invokeMethod(MethodInvocationHelper.java:124)
at org.testng.internal.Invoker.invokeMethod(Invoker.java:580)
at org.testng.internal.Invoker.invokeTestMethod(Invoker.java:716)
at org.testng.internal.Invoker.invokeTestMethods(Invoker.java:988)
at org.testng.internal.TestMethodWorker.invokeTestMethods(TestMethodWorker.java:125)
at org.testng.internal.TestMethodWorker.run(TestMethodWorker.java:109)
at org.testng.TestRunner.privateRun(TestRunner.java:648)
at org.testng.TestRunner.run(TestRunner.java:505)
at org.testng.SuiteRunner.runTest(SuiteRunner.java:455)
at org.testng.SuiteRunner.runSequentially(SuiteRunner.java:450)
at org.testng.SuiteRunner.privateRun(SuiteRunner.java:415)
at org.testng.SuiteRunner.run(SuiteRunner.java:364)
at org.testng.SuiteRunnerWorker.runSuite(SuiteRunnerWorker.java:52)
at org.testng.SuiteRunnerWorker.run(SuiteRunnerWorker.java:84)
at org.testng.TestNG.runSuitesSequentially(TestNG.java:1208)
at org.testng.TestNG.runSuitesSequentially(TestNG.java:1204)
at org.testng.TestNG.runSuitesLocally(TestNG.java:1137)
at org.testng.TestNG.runSuites(TestNG.java:1049)
at org.testng.TestNG.run(TestNG.java:1017)
at org.apache.maven.surefire.testng.TestNGExecutor.run(TestNGExecutor.java:295)
at org.apache.maven.surefire.testng.TestNGXmlTestSuite.execute(TestNGXmlTestSuite.java:84)
at org.apache.maven.surefire.testng.TestNGProvider.invoke(TestNGProvider.java:90)
at org.apache.maven.surefire.booter.ForkedBooter.invokeProviderInSameClassLoader(ForkedBooter.java:203)
at org.apache.maven.surefire.booter.ForkedBooter.runSuitesInProcess(ForkedBooter.java:155)
at org.apache.maven.surefire.booter.ForkedBooter.main(ForkedBooter.java:103)
]]>
            </full-stacktrace>
          </exception> <!-- org.testng.SkipException -->
          <reporter-output>
          </reporter-output>
        </test-method> <!-- SuiteTestingFormInValidDataTestPOM -->
        <test-method status="PASS" signature="reporterDataResults()[pri:0, instance:com.tractiondigital.SuiteTestingForm.SuiteTestingFormInValidDataTest@566776ad]" name="reporterDataResults" is-config="true" duration-ms="4" started-at="2018-08-12T15:25:31Z" finished-at="2018-08-12T15:25:31Z">
          <reporter-output>
          </reporter-output>
        </test-method> <!-- reporterDataResults -->
        <test-method status="PASS" signature="reporterDataResults()[pri:0, instance:com.tractiondigital.SuiteTestingForm.SuiteTestingFormInValidDataTest@566776ad]" name="reporterDataResults" is-config="true" duration-ms="5" started-at="2018-08-12T15:25:31Z" finished-at="2018-08-12T15:25:31Z">
          <reporter-output>
          </reporter-output>
        </test-method> <!-- reporterDataResults -->
        <test-method status="SKIP" signature="SuiteTestingFormInValidDataTestPOM(java.lang.String, java.lang.String, java.lang.String, java.lang.String, java.lang.String, java.lang.String, java.lang.String, java.lang.String, java.lang.String, java.lang.String, java.lang.String)[pri:0, instance:com.tractiondigital.SuiteTestingForm.SuiteTestingFormInValidDataTest@566776ad]" name="SuiteTestingFormInValidDataTestPOM" duration-ms="0" started-at="2018-08-12T15:25:31Z" description="This Class is used to Verify SuiteTestingForm InValid Data" data-provider="TestDataToRun_Test" finished-at="2018-08-12T15:25:31Z">
          <params>
            <param index="0">
              <value>
                <![CDATA[Shunmugam]]>
              </value>
            </param>
            <param index="1">
              <value>
                <![CDATA[Mangal]]>
              </value>
            </param>
            <param index="2">
              <value>
                <![CDATA[firstName.Lastname@yahoo.com]]>
              </value>
            </param>
            <param index="3">
              <value>
                <![CDATA[JHJ*^*(]]>
              </value>
            </param>
            <param index="4">
              <value>
                <![CDATA[A703 SkyLark]]>
              </value>
            </param>
            <param index="5">
              <value>
                <![CDATA[Chennai]]>
              </value>
            </param>
            <param index="6">
              <value>
                <![CDATA[SA]]>
              </value>
            </param>
            <param index="7">
              <value>
                <![CDATA[6217]]>
              </value>
            </param>
            <param index="8">
              <value>
                <![CDATA[10/07/1985]]>
              </value>
            </param>
            <param index="9">
              <value>
                <![CDATA[Y]]>
              </value>
            </param>
            <param index="10">
              <value>
                <![CDATA[Y]]>
              </value>
            </param>
          </params>
          <exception class="org.testng.SkipException">
            <message>
              <![CDATA[DataToRun for row number 4 Is No Or Blank. So Skipping Its Execution.]]>
            </message>
            <full-stacktrace>
              <![CDATA[org.testng.SkipException: DataToRun for row number 4 Is No Or Blank. So Skipping Its Execution.
at com.tractiondigital.SuiteTestingForm.SuiteTestingFormInValidDataTest.SuiteTestingFormInValidDataTestPOM(SuiteTestingFormInValidDataTest.java:44)
at sun.reflect.NativeMethodAccessorImpl.invoke0(Native Method)
at sun.reflect.NativeMethodAccessorImpl.invoke(Unknown Source)
at sun.reflect.DelegatingMethodAccessorImpl.invoke(Unknown Source)
at java.lang.reflect.Method.invoke(Unknown Source)
at org.testng.internal.MethodInvocationHelper.invokeMethod(MethodInvocationHelper.java:124)
at org.testng.internal.Invoker.invokeMethod(Invoker.java:580)
at org.testng.internal.Invoker.invokeTestMethod(Invoker.java:716)
at org.testng.internal.Invoker.invokeTestMethods(Invoker.java:988)
at org.testng.internal.TestMethodWorker.invokeTestMethods(TestMethodWorker.java:125)
at org.testng.internal.TestMethodWorker.run(TestMethodWorker.java:109)
at org.testng.TestRunner.privateRun(TestRunner.java:648)
at org.testng.TestRunner.run(TestRunner.java:505)
at org.testng.SuiteRunner.runTest(SuiteRunner.java:455)
at org.testng.SuiteRunner.runSequentially(SuiteRunner.java:450)
at org.testng.SuiteRunner.privateRun(SuiteRunner.java:415)
at org.testng.SuiteRunner.run(SuiteRunner.java:364)
at org.testng.SuiteRunnerWorker.runSuite(SuiteRunnerWorker.java:52)
at org.testng.SuiteRunnerWorker.run(SuiteRunnerWorker.java:84)
at org.testng.TestNG.runSuitesSequentially(TestNG.java:1208)
at org.testng.TestNG.runSuitesSequentially(TestNG.java:1204)
at org.testng.TestNG.runSuitesLocally(TestNG.java:1137)
at org.testng.TestNG.runSuites(TestNG.java:1049)
at org.testng.TestNG.run(TestNG.java:1017)
at org.apache.maven.surefire.testng.TestNGExecutor.run(TestNGExecutor.java:295)
at org.apache.maven.surefire.testng.TestNGXmlTestSuite.execute(TestNGXmlTestSuite.java:84)
at org.apache.maven.surefire.testng.TestNGProvider.invoke(TestNGProvider.java:90)
at org.apache.maven.surefire.booter.ForkedBooter.invokeProviderInSameClassLoader(ForkedBooter.java:203)
at org.apache.maven.surefire.booter.ForkedBooter.runSuitesInProcess(ForkedBooter.java:155)
at org.apache.maven.surefire.booter.ForkedBooter.main(ForkedBooter.java:103)
]]>
            </full-stacktrace>
          </exception> <!-- org.testng.SkipException -->
          <reporter-output>
          </reporter-output>
        </test-method> <!-- SuiteTestingFormInValidDataTestPOM -->
        <test-method status="SKIP" signature="SuiteTestingFormInValidDataTestPOM(java.lang.String, java.lang.String, java.lang.String, java.lang.String, java.lang.String, java.lang.String, java.lang.String, java.lang.String, java.lang.String, java.lang.String, java.lang.String)[pri:0, instance:com.tractiondigital.SuiteTestingForm.SuiteTestingFormInValidDataTest@566776ad]" name="SuiteTestingFormInValidDataTestPOM" duration-ms="1" started-at="2018-08-12T15:25:31Z" description="This Class is used to Verify SuiteTestingForm InValid Data" data-provider="TestDataToRun_Test" finished-at="2018-08-12T15:25:31Z">
          <params>
            <param index="0">
              <value>
                <![CDATA[shunmugam]]>
              </value>
            </param>
            <param index="1">
              <value>
                <![CDATA[Senthivelu]]>
              </value>
            </param>
            <param index="2">
              <value>
                <![CDATA[ssenthiv@gmail.com]]>
              </value>
            </param>
            <param index="3">
              <value>
                <![CDATA[9890064244]]>
              </value>
            </param>
            <param index="4">
              <value>
                <![CDATA[A703 SkyLark]]>
              </value>
            </param>
            <param index="5">
              <value>
                <![CDATA[Bangalore]]>
              </value>
            </param>
            <param index="6">
              <value>
                <![CDATA[]]>
              </value>
            </param>
            <param index="7">
              <value>
                <![CDATA[5667]]>
              </value>
            </param>
            <param index="8">
              <value>
                <![CDATA[26/02/1977]]>
              </value>
            </param>
            <param index="9">
              <value>
                <![CDATA[Y]]>
              </value>
            </param>
            <param index="10">
              <value>
                <![CDATA[Y]]>
              </value>
            </param>
          </params>
          <exception class="org.testng.SkipException">
            <message>
              <![CDATA[DataToRun for row number 5 Is No Or Blank. So Skipping Its Execution.]]>
            </message>
            <full-stacktrace>
              <![CDATA[org.testng.SkipException: DataToRun for row number 5 Is No Or Blank. So Skipping Its Execution.
at com.tractiondigital.SuiteTestingForm.SuiteTestingFormInValidDataTest.SuiteTestingFormInValidDataTestPOM(SuiteTestingFormInValidDataTest.java:44)
at sun.reflect.NativeMethodAccessorImpl.invoke0(Native Method)
at sun.reflect.NativeMethodAccessorImpl.invoke(Unknown Source)
at sun.reflect.DelegatingMethodAccessorImpl.invoke(Unknown Source)
at java.lang.reflect.Method.invoke(Unknown Source)
at org.testng.internal.MethodInvocationHelper.invokeMethod(MethodInvocationHelper.java:124)
at org.testng.internal.Invoker.invokeMethod(Invoker.java:580)
at org.testng.internal.Invoker.invokeTestMethod(Invoker.java:716)
at org.testng.internal.Invoker.invokeTestMethods(Invoker.java:988)
at org.testng.internal.TestMethodWorker.invokeTestMethods(TestMethodWorker.java:125)
at org.testng.internal.TestMethodWorker.run(TestMethodWorker.java:109)
at org.testng.TestRunner.privateRun(TestRunner.java:648)
at org.testng.TestRunner.run(TestRunner.java:505)
at org.testng.SuiteRunner.runTest(SuiteRunner.java:455)
at org.testng.SuiteRunner.runSequentially(SuiteRunner.java:450)
at org.testng.SuiteRunner.privateRun(SuiteRunner.java:415)
at org.testng.SuiteRunner.run(SuiteRunner.java:364)
at org.testng.SuiteRunnerWorker.runSuite(SuiteRunnerWorker.java:52)
at org.testng.SuiteRunnerWorker.run(SuiteRunnerWorker.java:84)
at org.testng.TestNG.runSuitesSequentially(TestNG.java:1208)
at org.testng.TestNG.runSuitesSequentially(TestNG.java:1204)
at org.testng.TestNG.runSuitesLocally(TestNG.java:1137)
at org.testng.TestNG.runSuites(TestNG.java:1049)
at org.testng.TestNG.run(TestNG.java:1017)
at org.apache.maven.surefire.testng.TestNGExecutor.run(TestNGExecutor.java:295)
at org.apache.maven.surefire.testng.TestNGXmlTestSuite.execute(TestNGXmlTestSuite.java:84)
at org.apache.maven.surefire.testng.TestNGProvider.invoke(TestNGProvider.java:90)
at org.apache.maven.surefire.booter.ForkedBooter.invokeProviderInSameClassLoader(ForkedBooter.java:203)
at org.apache.maven.surefire.booter.ForkedBooter.runSuitesInProcess(ForkedBooter.java:155)
at org.apache.maven.surefire.booter.ForkedBooter.main(ForkedBooter.java:103)
]]>
            </full-stacktrace>
          </exception> <!-- org.testng.SkipException -->
          <reporter-output>
          </reporter-output>
        </test-method> <!-- SuiteTestingFormInValidDataTestPOM -->
        <test-method status="PASS" signature="reporterDataResults()[pri:0, instance:com.tractiondigital.SuiteTestingForm.SuiteTestingFormInValidDataTest@566776ad]" name="reporterDataResults" is-config="true" duration-ms="4" started-at="2018-08-12T15:25:31Z" finished-at="2018-08-12T15:25:31Z">
          <reporter-output>
          </reporter-output>
        </test-method> <!-- reporterDataResults -->
        <test-method status="SKIP" signature="SuiteTestingFormInValidDataTestPOM(java.lang.String, java.lang.String, java.lang.String, java.lang.String, java.lang.String, java.lang.String, java.lang.String, java.lang.String, java.lang.String, java.lang.String, java.lang.String)[pri:0, instance:com.tractiondigital.SuiteTestingForm.SuiteTestingFormInValidDataTest@566776ad]" name="SuiteTestingFormInValidDataTestPOM" duration-ms="0" started-at="2018-08-12T15:25:31Z" description="This Class is used to Verify SuiteTestingForm InValid Data" data-provider="TestDataToRun_Test" finished-at="2018-08-12T15:25:31Z">
          <params>
            <param index="0">
              <value>
                <![CDATA[SURESH ]]>
              </value>
            </param>
            <param index="1">
              <value>
                <![CDATA[KUMAR]]>
              </value>
            </param>
            <param index="2">
              <value>
                <![CDATA[firstName.Lastname@yahoo.com]]>
              </value>
            </param>
            <param index="3">
              <value>
                <![CDATA[918778787878]]>
              </value>
            </param>
            <param index="4">
              <value>
                <![CDATA[A703 SkyLark]]>
              </value>
            </param>
            <param index="5">
              <value>
                <![CDATA[Chennai]]>
              </value>
            </param>
            <param index="6">
              <value>
                <![CDATA[SA]]>
              </value>
            </param>
            <param index="7">
              <value>
                <![CDATA[Char]]>
              </value>
            </param>
            <param index="8">
              <value>
                <![CDATA[10/07/1985]]>
              </value>
            </param>
            <param index="9">
              <value>
                <![CDATA[Y]]>
              </value>
            </param>
            <param index="10">
              <value>
                <![CDATA[Y]]>
              </value>
            </param>
          </params>
          <exception class="org.testng.SkipException">
            <message>
              <![CDATA[DataToRun for row number 6 Is No Or Blank. So Skipping Its Execution.]]>
            </message>
            <full-stacktrace>
              <![CDATA[org.testng.SkipException: DataToRun for row number 6 Is No Or Blank. So Skipping Its Execution.
at com.tractiondigital.SuiteTestingForm.SuiteTestingFormInValidDataTest.SuiteTestingFormInValidDataTestPOM(SuiteTestingFormInValidDataTest.java:44)
at sun.reflect.NativeMethodAccessorImpl.invoke0(Native Method)
at sun.reflect.NativeMethodAccessorImpl.invoke(Unknown Source)
at sun.reflect.DelegatingMethodAccessorImpl.invoke(Unknown Source)
at java.lang.reflect.Method.invoke(Unknown Source)
at org.testng.internal.MethodInvocationHelper.invokeMethod(MethodInvocationHelper.java:124)
at org.testng.internal.Invoker.invokeMethod(Invoker.java:580)
at org.testng.internal.Invoker.invokeTestMethod(Invoker.java:716)
at org.testng.internal.Invoker.invokeTestMethods(Invoker.java:988)
at org.testng.internal.TestMethodWorker.invokeTestMethods(TestMethodWorker.java:125)
at org.testng.internal.TestMethodWorker.run(TestMethodWorker.java:109)
at org.testng.TestRunner.privateRun(TestRunner.java:648)
at org.testng.TestRunner.run(TestRunner.java:505)
at org.testng.SuiteRunner.runTest(SuiteRunner.java:455)
at org.testng.SuiteRunner.runSequentially(SuiteRunner.java:450)
at org.testng.SuiteRunner.privateRun(SuiteRunner.java:415)
at org.testng.SuiteRunner.run(SuiteRunner.java:364)
at org.testng.SuiteRunnerWorker.runSuite(SuiteRunnerWorker.java:52)
at org.testng.SuiteRunnerWorker.run(SuiteRunnerWorker.java:84)
at org.testng.TestNG.runSuitesSequentially(TestNG.java:1208)
at org.testng.TestNG.runSuitesSequentially(TestNG.java:1204)
at org.testng.TestNG.runSuitesLocally(TestNG.java:1137)
at org.testng.TestNG.runSuites(TestNG.java:1049)
at org.testng.TestNG.run(TestNG.java:1017)
at org.apache.maven.surefire.testng.TestNGExecutor.run(TestNGExecutor.java:295)
at org.apache.maven.surefire.testng.TestNGXmlTestSuite.execute(TestNGXmlTestSuite.java:84)
at org.apache.maven.surefire.testng.TestNGProvider.invoke(TestNGProvider.java:90)
at org.apache.maven.surefire.booter.ForkedBooter.invokeProviderInSameClassLoader(ForkedBooter.java:203)
at org.apache.maven.surefire.booter.ForkedBooter.runSuitesInProcess(ForkedBooter.java:155)
at org.apache.maven.surefire.booter.ForkedBooter.main(ForkedBooter.java:103)
]]>
            </full-stacktrace>
          </exception> <!-- org.testng.SkipException -->
          <reporter-output>
          </reporter-output>
        </test-method> <!-- SuiteTestingFormInValidDataTestPOM -->
        <test-method status="PASS" signature="reporterDataResults()[pri:0, instance:com.tractiondigital.SuiteTestingForm.SuiteTestingFormInValidDataTest@566776ad]" name="reporterDataResults" is-config="true" duration-ms="5" started-at="2018-08-12T15:25:31Z" finished-at="2018-08-12T15:25:31Z">
          <reporter-output>
          </reporter-output>
        </test-method> <!-- reporterDataResults -->
        <test-method status="PASS" signature="reporterDataResults()[pri:0, instance:com.tractiondigital.SuiteTestingForm.SuiteTestingFormInValidDataTest@566776ad]" name="reporterDataResults" is-config="true" duration-ms="4" started-at="2018-08-12T15:25:31Z" finished-at="2018-08-12T15:25:31Z">
          <reporter-output>
          </reporter-output>
        </test-method> <!-- reporterDataResults -->
        <test-method status="SKIP" signature="SuiteTestingFormInValidDataTestPOM(java.lang.String, java.lang.String, java.lang.String, java.lang.String, java.lang.String, java.lang.String, java.lang.String, java.lang.String, java.lang.String, java.lang.String, java.lang.String)[pri:0, instance:com.tractiondigital.SuiteTestingForm.SuiteTestingFormInValidDataTest@566776ad]" name="SuiteTestingFormInValidDataTestPOM" duration-ms="0" started-at="2018-08-12T15:25:31Z" description="This Class is used to Verify SuiteTestingForm InValid Data" data-provider="TestDataToRun_Test" finished-at="2018-08-12T15:25:31Z">
          <params>
            <param index="0">
              <value>
                <![CDATA[SURESH ]]>
              </value>
            </param>
            <param index="1">
              <value>
                <![CDATA[KUMAR]]>
              </value>
            </param>
            <param index="2">
              <value>
                <![CDATA[firstName.Lastname@yahoo.com]]>
              </value>
            </param>
            <param index="3">
              <value>
                <![CDATA[918778787878]]>
              </value>
            </param>
            <param index="4">
              <value>
                <![CDATA[A703 SkyLark]]>
              </value>
            </param>
            <param index="5">
              <value>
                <![CDATA[Chennai]]>
              </value>
            </param>
            <param index="6">
              <value>
                <![CDATA[SA]]>
              </value>
            </param>
            <param index="7">
              <value>
                <![CDATA[6217]]>
              </value>
            </param>
            <param index="8">
              <value>
                <![CDATA[02-10-1998]]>
              </value>
            </param>
            <param index="9">
              <value>
                <![CDATA[Y]]>
              </value>
            </param>
            <param index="10">
              <value>
                <![CDATA[Y]]>
              </value>
            </param>
          </params>
          <exception class="org.testng.SkipException">
            <message>
              <![CDATA[DataToRun for row number 7 Is No Or Blank. So Skipping Its Execution.]]>
            </message>
            <full-stacktrace>
              <![CDATA[org.testng.SkipException: DataToRun for row number 7 Is No Or Blank. So Skipping Its Execution.
at com.tractiondigital.SuiteTestingForm.SuiteTestingFormInValidDataTest.SuiteTestingFormInValidDataTestPOM(SuiteTestingFormInValidDataTest.java:44)
at sun.reflect.NativeMethodAccessorImpl.invoke0(Native Method)
at sun.reflect.NativeMethodAccessorImpl.invoke(Unknown Source)
at sun.reflect.DelegatingMethodAccessorImpl.invoke(Unknown Source)
at java.lang.reflect.Method.invoke(Unknown Source)
at org.testng.internal.MethodInvocationHelper.invokeMethod(MethodInvocationHelper.java:124)
at org.testng.internal.Invoker.invokeMethod(Invoker.java:580)
at org.testng.internal.Invoker.invokeTestMethod(Invoker.java:716)
at org.testng.internal.Invoker.invokeTestMethods(Invoker.java:988)
at org.testng.internal.TestMethodWorker.invokeTestMethods(TestMethodWorker.java:125)
at org.testng.internal.TestMethodWorker.run(TestMethodWorker.java:109)
at org.testng.TestRunner.privateRun(TestRunner.java:648)
at org.testng.TestRunner.run(TestRunner.java:505)
at org.testng.SuiteRunner.runTest(SuiteRunner.java:455)
at org.testng.SuiteRunner.runSequentially(SuiteRunner.java:450)
at org.testng.SuiteRunner.privateRun(SuiteRunner.java:415)
at org.testng.SuiteRunner.run(SuiteRunner.java:364)
at org.testng.SuiteRunnerWorker.runSuite(SuiteRunnerWorker.java:52)
at org.testng.SuiteRunnerWorker.run(SuiteRunnerWorker.java:84)
at org.testng.TestNG.runSuitesSequentially(TestNG.java:1208)
at org.testng.TestNG.runSuitesSequentially(TestNG.java:1204)
at org.testng.TestNG.runSuitesLocally(TestNG.java:1137)
at org.testng.TestNG.runSuites(TestNG.java:1049)
at org.testng.TestNG.run(TestNG.java:1017)
at org.apache.maven.surefire.testng.TestNGExecutor.run(TestNGExecutor.java:295)
at org.apache.maven.surefire.testng.TestNGXmlTestSuite.execute(TestNGXmlTestSuite.java:84)
at org.apache.maven.surefire.testng.TestNGProvider.invoke(TestNGProvider.java:90)
at org.apache.maven.surefire.booter.ForkedBooter.invokeProviderInSameClassLoader(ForkedBooter.java:203)
at org.apache.maven.surefire.booter.ForkedBooter.runSuitesInProcess(ForkedBooter.java:155)
at org.apache.maven.surefire.booter.ForkedBooter.main(ForkedBooter.java:103)
]]>
            </full-stacktrace>
          </exception> <!-- org.testng.SkipException -->
          <reporter-output>
          </reporter-output>
        </test-method> <!-- SuiteTestingFormInValidDataTestPOM -->
        <test-method status="SKIP" signature="SuiteTestingFormInValidDataTestPOM(java.lang.String, java.lang.String, java.lang.String, java.lang.String, java.lang.String, java.lang.String, java.lang.String, java.lang.String, java.lang.String, java.lang.String, java.lang.String)[pri:0, instance:com.tractiondigital.SuiteTestingForm.SuiteTestingFormInValidDataTest@566776ad]" name="SuiteTestingFormInValidDataTestPOM" duration-ms="1" started-at="2018-08-12T15:25:31Z" description="This Class is used to Verify SuiteTestingForm InValid Data" data-provider="TestDataToRun_Test" finished-at="2018-08-12T15:25:31Z">
          <params>
            <param index="0">
              <value>
                <![CDATA[Shunmugam]]>
              </value>
            </param>
            <param index="1">
              <value>
                <![CDATA[Senthivelu]]>
              </value>
            </param>
            <param index="2">
              <value>
                <![CDATA[ssenthiv@gmail.com]]>
              </value>
            </param>
            <param index="3">
              <value>
                <![CDATA[9890064244]]>
              </value>
            </param>
            <param index="4">
              <value>
                <![CDATA[A703 SkyLark]]>
              </value>
            </param>
            <param index="5">
              <value>
                <![CDATA[Bangalore]]>
              </value>
            </param>
            <param index="6">
              <value>
                <![CDATA[ACT]]>
              </value>
            </param>
            <param index="7">
              <value>
                <![CDATA[5667]]>
              </value>
            </param>
            <param index="8">
              <value>
                <![CDATA[26/02/1977]]>
              </value>
            </param>
            <param index="9">
              <value>
                <![CDATA[N]]>
              </value>
            </param>
            <param index="10">
              <value>
                <![CDATA[Y]]>
              </value>
            </param>
          </params>
          <exception class="org.testng.SkipException">
            <message>
              <![CDATA[DataToRun for row number 8 Is No Or Blank. So Skipping Its Execution.]]>
            </message>
            <full-stacktrace>
              <![CDATA[org.testng.SkipException: DataToRun for row number 8 Is No Or Blank. So Skipping Its Execution.
at com.tractiondigital.SuiteTestingForm.SuiteTestingFormInValidDataTest.SuiteTestingFormInValidDataTestPOM(SuiteTestingFormInValidDataTest.java:44)
at sun.reflect.NativeMethodAccessorImpl.invoke0(Native Method)
at sun.reflect.NativeMethodAccessorImpl.invoke(Unknown Source)
at sun.reflect.DelegatingMethodAccessorImpl.invoke(Unknown Source)
at java.lang.reflect.Method.invoke(Unknown Source)
at org.testng.internal.MethodInvocationHelper.invokeMethod(MethodInvocationHelper.java:124)
at org.testng.internal.Invoker.invokeMethod(Invoker.java:580)
at org.testng.internal.Invoker.invokeTestMethod(Invoker.java:716)
at org.testng.internal.Invoker.invokeTestMethods(Invoker.java:988)
at org.testng.internal.TestMethodWorker.invokeTestMethods(TestMethodWorker.java:125)
at org.testng.internal.TestMethodWorker.run(TestMethodWorker.java:109)
at org.testng.TestRunner.privateRun(TestRunner.java:648)
at org.testng.TestRunner.run(TestRunner.java:505)
at org.testng.SuiteRunner.runTest(SuiteRunner.java:455)
at org.testng.SuiteRunner.runSequentially(SuiteRunner.java:450)
at org.testng.SuiteRunner.privateRun(SuiteRunner.java:415)
at org.testng.SuiteRunner.run(SuiteRunner.java:364)
at org.testng.SuiteRunnerWorker.runSuite(SuiteRunnerWorker.java:52)
at org.testng.SuiteRunnerWorker.run(SuiteRunnerWorker.java:84)
at org.testng.TestNG.runSuitesSequentially(TestNG.java:1208)
at org.testng.TestNG.runSuitesSequentially(TestNG.java:1204)
at org.testng.TestNG.runSuitesLocally(TestNG.java:1137)
at org.testng.TestNG.runSuites(TestNG.java:1049)
at org.testng.TestNG.run(TestNG.java:1017)
at org.apache.maven.surefire.testng.TestNGExecutor.run(TestNGExecutor.java:295)
at org.apache.maven.surefire.testng.TestNGXmlTestSuite.execute(TestNGXmlTestSuite.java:84)
at org.apache.maven.surefire.testng.TestNGProvider.invoke(TestNGProvider.java:90)
at org.apache.maven.surefire.booter.ForkedBooter.invokeProviderInSameClassLoader(ForkedBooter.java:203)
at org.apache.maven.surefire.booter.ForkedBooter.runSuitesInProcess(ForkedBooter.java:155)
at org.apache.maven.surefire.booter.ForkedBooter.main(ForkedBooter.java:103)
]]>
            </full-stacktrace>
          </exception> <!-- org.testng.SkipException -->
          <reporter-output>
          </reporter-output>
        </test-method> <!-- SuiteTestingFormInValidDataTestPOM -->
        <test-method status="PASS" signature="reporterDataResults()[pri:0, instance:com.tractiondigital.SuiteTestingForm.SuiteTestingFormInValidDataTest@566776ad]" name="reporterDataResults" is-config="true" duration-ms="3" started-at="2018-08-12T15:25:31Z" finished-at="2018-08-12T15:25:31Z">
          <reporter-output>
          </reporter-output>
        </test-method> <!-- reporterDataResults -->
        <test-method status="PASS" signature="endTest()[pri:0, instance:com.tractiondigital.SuiteTestingForm.SuiteTestingFormInValidDataTest@566776ad]" name="endTest" is-config="true" duration-ms="5084" started-at="2018-08-12T15:25:31Z" finished-at="2018-08-12T15:25:36Z">
          <reporter-output>
          </reporter-output>
        </test-method> <!-- endTest -->
      </class> <!-- com.tractiondigital.SuiteTestingForm.SuiteTestingFormInValidDataTest -->
    </test> <!-- SuiteTestingFormInValidDataTest :- Validate the Negative Scenarios for Testing Form -->
    <test name="SuiteTestingFormValidDataTest :- Validate the Positive Scenarios for Testing Form" duration-ms="7" started-at="2018-08-12T15:25:37Z" finished-at="2018-08-12T15:25:37Z">
      <class name="com.tractiondigital.SuiteTestingForm.SuiteTestingFormValidDataTest">
        <test-method status="PASS" signature="checkSuiteToRun()[pri:0, instance:com.tractiondigital.SuiteTestingForm.SuiteTestingFormValidDataTest@5d624da6]" name="checkSuiteToRun" is-config="true" duration-ms="247" started-at="2018-08-12T15:24:59Z" finished-at="2018-08-12T15:24:59Z">
          <reporter-output>
          </reporter-output>
        </test-method> <!-- checkSuiteToRun -->
        <test-method status="SKIP" signature="checkCaseToRun()[pri:0, instance:com.tractiondigital.SuiteTestingForm.SuiteTestingFormValidDataTest@5d624da6]" name="checkCaseToRun" is-config="true" duration-ms="4" started-at="2018-08-12T15:25:37Z" finished-at="2018-08-12T15:25:37Z">
          <exception class="org.testng.SkipException">
            <message>
              <![CDATA[SuiteTestingFormValidDataTest's CaseToRun Flag Is 'N' Or Blank. So Skipping Execution Of SuiteTestingFormValidDataTest]]>
            </message>
            <full-stacktrace>
              <![CDATA[org.testng.SkipException: SuiteTestingFormValidDataTest's CaseToRun Flag Is 'N' Or Blank. So Skipping Execution Of SuiteTestingFormValidDataTest
at com.company1.TestSuiteBase.SuiteBase.startTest(SuiteBase.java:1870)
at com.tractiondigital.SuiteTestingForm.SuiteTestingFormValidDataTest.checkCaseToRun(SuiteTestingFormValidDataTest.java:25)
at sun.reflect.NativeMethodAccessorImpl.invoke0(Native Method)
at sun.reflect.NativeMethodAccessorImpl.invoke(Unknown Source)
at sun.reflect.DelegatingMethodAccessorImpl.invoke(Unknown Source)
at java.lang.reflect.Method.invoke(Unknown Source)
at org.testng.internal.MethodInvocationHelper.invokeMethod(MethodInvocationHelper.java:124)
at org.testng.internal.MethodInvocationHelper.invokeMethodConsideringTimeout(MethodInvocationHelper.java:59)
at org.testng.internal.Invoker.invokeConfigurationMethod(Invoker.java:455)
at org.testng.internal.Invoker.invokeConfigurations(Invoker.java:222)
at org.testng.internal.Invoker.invokeConfigurations(Invoker.java:142)
at org.testng.TestRunner.beforeRun(TestRunner.java:529)
at org.testng.TestRunner.run(TestRunner.java:497)
at org.testng.SuiteRunner.runTest(SuiteRunner.java:455)
at org.testng.SuiteRunner.runSequentially(SuiteRunner.java:450)
at org.testng.SuiteRunner.privateRun(SuiteRunner.java:415)
at org.testng.SuiteRunner.run(SuiteRunner.java:364)
at org.testng.SuiteRunnerWorker.runSuite(SuiteRunnerWorker.java:52)
at org.testng.SuiteRunnerWorker.run(SuiteRunnerWorker.java:84)
at org.testng.TestNG.runSuitesSequentially(TestNG.java:1208)
at org.testng.TestNG.runSuitesSequentially(TestNG.java:1204)
at org.testng.TestNG.runSuitesLocally(TestNG.java:1137)
at org.testng.TestNG.runSuites(TestNG.java:1049)
at org.testng.TestNG.run(TestNG.java:1017)
at org.apache.maven.surefire.testng.TestNGExecutor.run(TestNGExecutor.java:295)
at org.apache.maven.surefire.testng.TestNGXmlTestSuite.execute(TestNGXmlTestSuite.java:84)
at org.apache.maven.surefire.testng.TestNGProvider.invoke(TestNGProvider.java:90)
at org.apache.maven.surefire.booter.ForkedBooter.invokeProviderInSameClassLoader(ForkedBooter.java:203)
at org.apache.maven.surefire.booter.ForkedBooter.runSuitesInProcess(ForkedBooter.java:155)
at org.apache.maven.surefire.booter.ForkedBooter.main(ForkedBooter.java:103)
]]>
            </full-stacktrace>
          </exception> <!-- org.testng.SkipException -->
          <reporter-output>
          </reporter-output>
        </test-method> <!-- checkCaseToRun -->
        <test-method status="SKIP" signature="SuiteTestingFormValidDataTestPOM(java.lang.String, java.lang.String, java.lang.String, java.lang.String, java.lang.String, java.lang.String, java.lang.String, java.lang.String, java.lang.String, java.lang.String, java.lang.String)[pri:0, instance:com.tractiondigital.SuiteTestingForm.SuiteTestingFormValidDataTest@5d624da6]" name="SuiteTestingFormValidDataTestPOM" duration-ms="0" started-at="2018-08-12T15:25:37Z" description="This Class is used to Verify SuiteTestingForm InValid Data" data-provider="TestDataToRun_Test" finished-at="2018-08-12T15:25:37Z">
          <exception class="org.testng.SkipException">
            <message>
              <![CDATA[SuiteTestingFormValidDataTest's CaseToRun Flag Is 'N' Or Blank. So Skipping Execution Of SuiteTestingFormValidDataTest]]>
            </message>
            <full-stacktrace>
              <![CDATA[org.testng.SkipException: SuiteTestingFormValidDataTest's CaseToRun Flag Is 'N' Or Blank. So Skipping Execution Of SuiteTestingFormValidDataTest
at com.company1.TestSuiteBase.SuiteBase.startTest(SuiteBase.java:1870)
at com.tractiondigital.SuiteTestingForm.SuiteTestingFormValidDataTest.checkCaseToRun(SuiteTestingFormValidDataTest.java:25)
at sun.reflect.NativeMethodAccessorImpl.invoke0(Native Method)
at sun.reflect.NativeMethodAccessorImpl.invoke(Unknown Source)
at sun.reflect.DelegatingMethodAccessorImpl.invoke(Unknown Source)
at java.lang.reflect.Method.invoke(Unknown Source)
at org.testng.internal.MethodInvocationHelper.invokeMethod(MethodInvocationHelper.java:124)
at org.testng.internal.MethodInvocationHelper.invokeMethodConsideringTimeout(MethodInvocationHelper.java:59)
at org.testng.internal.Invoker.invokeConfigurationMethod(Invoker.java:455)
at org.testng.internal.Invoker.invokeConfigurations(Invoker.java:222)
at org.testng.internal.Invoker.invokeConfigurations(Invoker.java:142)
at org.testng.TestRunner.beforeRun(TestRunner.java:529)
at org.testng.TestRunner.run(TestRunner.java:497)
at org.testng.SuiteRunner.runTest(SuiteRunner.java:455)
at org.testng.SuiteRunner.runSequentially(SuiteRunner.java:450)
at org.testng.SuiteRunner.privateRun(SuiteRunner.java:415)
at org.testng.SuiteRunner.run(SuiteRunner.java:364)
at org.testng.SuiteRunnerWorker.runSuite(SuiteRunnerWorker.java:52)
at org.testng.SuiteRunnerWorker.run(SuiteRunnerWorker.java:84)
at org.testng.TestNG.runSuitesSequentially(TestNG.java:1208)
at org.testng.TestNG.runSuitesSequentially(TestNG.java:1204)
at org.testng.TestNG.runSuitesLocally(TestNG.java:1137)
at org.testng.TestNG.runSuites(TestNG.java:1049)
at org.testng.TestNG.run(TestNG.java:1017)
at org.apache.maven.surefire.testng.TestNGExecutor.run(TestNGExecutor.java:295)
at org.apache.maven.surefire.testng.TestNGXmlTestSuite.execute(TestNGXmlTestSuite.java:84)
at org.apache.maven.surefire.testng.TestNGProvider.invoke(TestNGProvider.java:90)
at org.apache.maven.surefire.booter.ForkedBooter.invokeProviderInSameClassLoader(ForkedBooter.java:203)
at org.apache.maven.surefire.booter.ForkedBooter.runSuitesInProcess(ForkedBooter.java:155)
at org.apache.maven.surefire.booter.ForkedBooter.main(ForkedBooter.java:103)
]]>
            </full-stacktrace>
          </exception> <!-- org.testng.SkipException -->
          <reporter-output>
          </reporter-output>
        </test-method> <!-- SuiteTestingFormValidDataTestPOM -->
        <test-method status="SKIP" signature="SuiteTestingFormValidDataTestPOM(java.lang.String, java.lang.String, java.lang.String, java.lang.String, java.lang.String, java.lang.String, java.lang.String, java.lang.String, java.lang.String, java.lang.String, java.lang.String)[pri:0, instance:com.tractiondigital.SuiteTestingForm.SuiteTestingFormValidDataTest@5d624da6]" name="SuiteTestingFormValidDataTestPOM" duration-ms="0" started-at="2018-08-12T15:25:37Z" description="This Class is used to Verify SuiteTestingForm InValid Data" data-provider="TestDataToRun_Test" finished-at="2018-08-12T15:25:37Z">
          <exception class="org.testng.SkipException">
            <message>
              <![CDATA[SuiteTestingFormValidDataTest's CaseToRun Flag Is 'N' Or Blank. So Skipping Execution Of SuiteTestingFormValidDataTest]]>
            </message>
            <full-stacktrace>
              <![CDATA[org.testng.SkipException: SuiteTestingFormValidDataTest's CaseToRun Flag Is 'N' Or Blank. So Skipping Execution Of SuiteTestingFormValidDataTest
at com.company1.TestSuiteBase.SuiteBase.startTest(SuiteBase.java:1870)
at com.tractiondigital.SuiteTestingForm.SuiteTestingFormValidDataTest.checkCaseToRun(SuiteTestingFormValidDataTest.java:25)
at sun.reflect.NativeMethodAccessorImpl.invoke0(Native Method)
at sun.reflect.NativeMethodAccessorImpl.invoke(Unknown Source)
at sun.reflect.DelegatingMethodAccessorImpl.invoke(Unknown Source)
at java.lang.reflect.Method.invoke(Unknown Source)
at org.testng.internal.MethodInvocationHelper.invokeMethod(MethodInvocationHelper.java:124)
at org.testng.internal.MethodInvocationHelper.invokeMethodConsideringTimeout(MethodInvocationHelper.java:59)
at org.testng.internal.Invoker.invokeConfigurationMethod(Invoker.java:455)
at org.testng.internal.Invoker.invokeConfigurations(Invoker.java:222)
at org.testng.internal.Invoker.invokeConfigurations(Invoker.java:142)
at org.testng.TestRunner.beforeRun(TestRunner.java:529)
at org.testng.TestRunner.run(TestRunner.java:497)
at org.testng.SuiteRunner.runTest(SuiteRunner.java:455)
at org.testng.SuiteRunner.runSequentially(SuiteRunner.java:450)
at org.testng.SuiteRunner.privateRun(SuiteRunner.java:415)
at org.testng.SuiteRunner.run(SuiteRunner.java:364)
at org.testng.SuiteRunnerWorker.runSuite(SuiteRunnerWorker.java:52)
at org.testng.SuiteRunnerWorker.run(SuiteRunnerWorker.java:84)
at org.testng.TestNG.runSuitesSequentially(TestNG.java:1208)
at org.testng.TestNG.runSuitesSequentially(TestNG.java:1204)
at org.testng.TestNG.runSuitesLocally(TestNG.java:1137)
at org.testng.TestNG.runSuites(TestNG.java:1049)
at org.testng.TestNG.run(TestNG.java:1017)
at org.apache.maven.surefire.testng.TestNGExecutor.run(TestNGExecutor.java:295)
at org.apache.maven.surefire.testng.TestNGXmlTestSuite.execute(TestNGXmlTestSuite.java:84)
at org.apache.maven.surefire.testng.TestNGProvider.invoke(TestNGProvider.java:90)
at org.apache.maven.surefire.booter.ForkedBooter.invokeProviderInSameClassLoader(ForkedBooter.java:203)
at org.apache.maven.surefire.booter.ForkedBooter.runSuitesInProcess(ForkedBooter.java:155)
at org.apache.maven.surefire.booter.ForkedBooter.main(ForkedBooter.java:103)
]]>
            </full-stacktrace>
          </exception> <!-- org.testng.SkipException -->
          <reporter-output>
          </reporter-output>
        </test-method> <!-- SuiteTestingFormValidDataTestPOM -->
        <test-method status="SKIP" signature="SuiteTestingFormValidDataTestPOM(java.lang.String, java.lang.String, java.lang.String, java.lang.String, java.lang.String, java.lang.String, java.lang.String, java.lang.String, java.lang.String, java.lang.String, java.lang.String)[pri:0, instance:com.tractiondigital.SuiteTestingForm.SuiteTestingFormValidDataTest@5d624da6]" name="SuiteTestingFormValidDataTestPOM" duration-ms="0" started-at="2018-08-12T15:25:37Z" description="This Class is used to Verify SuiteTestingForm InValid Data" data-provider="TestDataToRun_Test" finished-at="2018-08-12T15:25:37Z">
          <exception class="org.testng.SkipException">
            <message>
              <![CDATA[SuiteTestingFormValidDataTest's CaseToRun Flag Is 'N' Or Blank. So Skipping Execution Of SuiteTestingFormValidDataTest]]>
            </message>
            <full-stacktrace>
              <![CDATA[org.testng.SkipException: SuiteTestingFormValidDataTest's CaseToRun Flag Is 'N' Or Blank. So Skipping Execution Of SuiteTestingFormValidDataTest
at com.company1.TestSuiteBase.SuiteBase.startTest(SuiteBase.java:1870)
at com.tractiondigital.SuiteTestingForm.SuiteTestingFormValidDataTest.checkCaseToRun(SuiteTestingFormValidDataTest.java:25)
at sun.reflect.NativeMethodAccessorImpl.invoke0(Native Method)
at sun.reflect.NativeMethodAccessorImpl.invoke(Unknown Source)
at sun.reflect.DelegatingMethodAccessorImpl.invoke(Unknown Source)
at java.lang.reflect.Method.invoke(Unknown Source)
at org.testng.internal.MethodInvocationHelper.invokeMethod(MethodInvocationHelper.java:124)
at org.testng.internal.MethodInvocationHelper.invokeMethodConsideringTimeout(MethodInvocationHelper.java:59)
at org.testng.internal.Invoker.invokeConfigurationMethod(Invoker.java:455)
at org.testng.internal.Invoker.invokeConfigurations(Invoker.java:222)
at org.testng.internal.Invoker.invokeConfigurations(Invoker.java:142)
at org.testng.TestRunner.beforeRun(TestRunner.java:529)
at org.testng.TestRunner.run(TestRunner.java:497)
at org.testng.SuiteRunner.runTest(SuiteRunner.java:455)
at org.testng.SuiteRunner.runSequentially(SuiteRunner.java:450)
at org.testng.SuiteRunner.privateRun(SuiteRunner.java:415)
at org.testng.SuiteRunner.run(SuiteRunner.java:364)
at org.testng.SuiteRunnerWorker.runSuite(SuiteRunnerWorker.java:52)
at org.testng.SuiteRunnerWorker.run(SuiteRunnerWorker.java:84)
at org.testng.TestNG.runSuitesSequentially(TestNG.java:1208)
at org.testng.TestNG.runSuitesSequentially(TestNG.java:1204)
at org.testng.TestNG.runSuitesLocally(TestNG.java:1137)
at org.testng.TestNG.runSuites(TestNG.java:1049)
at org.testng.TestNG.run(TestNG.java:1017)
at org.apache.maven.surefire.testng.TestNGExecutor.run(TestNGExecutor.java:295)
at org.apache.maven.surefire.testng.TestNGXmlTestSuite.execute(TestNGXmlTestSuite.java:84)
at org.apache.maven.surefire.testng.TestNGProvider.invoke(TestNGProvider.java:90)
at org.apache.maven.surefire.booter.ForkedBooter.invokeProviderInSameClassLoader(ForkedBooter.java:203)
at org.apache.maven.surefire.booter.ForkedBooter.runSuitesInProcess(ForkedBooter.java:155)
at org.apache.maven.surefire.booter.ForkedBooter.main(ForkedBooter.java:103)
]]>
            </full-stacktrace>
          </exception> <!-- org.testng.SkipException -->
          <reporter-output>
          </reporter-output>
        </test-method> <!-- SuiteTestingFormValidDataTestPOM -->
        <test-method status="SKIP" signature="reporterDataResults()[pri:0, instance:com.tractiondigital.SuiteTestingForm.SuiteTestingFormValidDataTest@5d624da6]" name="reporterDataResults" is-config="true" duration-ms="0" started-at="2018-08-12T15:25:37Z" finished-at="2018-08-12T15:25:37Z">
          <reporter-output>
          </reporter-output>
        </test-method> <!-- reporterDataResults -->
        <test-method status="SKIP" signature="reporterDataResults()[pri:0, instance:com.tractiondigital.SuiteTestingForm.SuiteTestingFormValidDataTest@5d624da6]" name="reporterDataResults" is-config="true" duration-ms="0" started-at="2018-08-12T15:25:37Z" finished-at="2018-08-12T15:25:37Z">
          <reporter-output>
          </reporter-output>
        </test-method> <!-- reporterDataResults -->
        <test-method status="SKIP" signature="reporterDataResults()[pri:0, instance:com.tractiondigital.SuiteTestingForm.SuiteTestingFormValidDataTest@5d624da6]" name="reporterDataResults" is-config="true" duration-ms="0" started-at="2018-08-12T15:25:37Z" finished-at="2018-08-12T15:25:37Z">
          <reporter-output>
          </reporter-output>
        </test-method> <!-- reporterDataResults -->
        <test-method status="SKIP" signature="endTest()[pri:0, instance:com.tractiondigital.SuiteTestingForm.SuiteTestingFormValidDataTest@5d624da6]" name="endTest" is-config="true" duration-ms="0" started-at="2018-08-12T15:25:37Z" finished-at="2018-08-12T15:25:37Z">
          <reporter-output>
          </reporter-output>
        </test-method> <!-- endTest -->
      </class> <!-- com.tractiondigital.SuiteTestingForm.SuiteTestingFormValidDataTest -->
    </test> <!-- SuiteTestingFormValidDataTest :- Validate the Positive Scenarios for Testing Form -->
  </suite> <!-- SuiteTestingForm -->
  <suite name="Traction DIGITAL  Test Suite" duration-ms="0" started-at="2018-08-12T15:25:37Z" finished-at="2018-08-12T15:25:37Z">
    <groups>
    </groups>
  </suite> <!-- Traction DIGITAL  Test Suite -->
</testng-results>
