<?xml version="1.0" encoding="UTF-8"?>
<!-- Generated by org.testng.reporters.JUnitXMLReporter -->
<testsuite hostname="LTSSENTHIV" ignored="0" name="SuiteTestingFormValidData :- Validate the Positive Scenarios for Testing Form." tests="3" failures="1" timestamp="03 Jun 2018 02:20:55 GMT" time="63.466" errors="0">
  <testcase name="SuiteTestingFormValidDataTest" time="0.004" classname="com.tractiondigital.SuiteTestingForm.SuiteTestingFormValidData">
    <skipped/>
  </testcase> <!-- SuiteTestingFormValidDataTest -->
  <testcase name="SuiteTestingFormValidDataTest" time="0.0" classname="com.tractiondigital.SuiteTestingForm.SuiteTestingFormValidData">
    <skipped/>
  </testcase> <!-- SuiteTestingFormValidDataTest -->
  <testcase name="SuiteTestingFormValidDataTest" time="23.394" classname="com.tractiondigital.SuiteTestingForm.SuiteTestingFormValidData">
    <failure type="java.lang.AssertionError" message="The following asserts failed:
	
SuiteTestingFormValidData:- Testing Form confirmation Message actual: &amp;apos;&amp;apos; is not matched with expected &amp;apos;Thank you for entering the competition.&amp;apos;,
	
SuiteTestingFormValidData  --&amp;gt; &amp;apos;FAIL&amp;apos;">
      <![CDATA[java.lang.AssertionError: The following asserts failed:

SuiteTestingFormValidData:- Testing Form confirmation Message actual: '' is not matched with expected 'Thank you for entering the competition.',

SuiteTestingFormValidData  --> 'FAIL'
at com.tractiondigital.SuiteTestingForm.SuiteTestingFormValidData.SuiteTestingFormValidDataTest(SuiteTestingFormValidData.java:164)
... Removed 27 stack frames]]>
    </failure>
  </testcase> <!-- SuiteTestingFormValidDataTest -->
</testsuite> <!-- SuiteTestingFormValidData :- Validate the Positive Scenarios for Testing Form. -->
